QRcode.xwd:
    Model QRcode is added.
    Common nodes added.
accNav.xwd:
    Model accNav is added.
    Common nodes added.
    Model nestedPage is added.
annotatedDiagram.xwd:
    Model annotatedDiagram is added.
    Common nodes added.
    Model hotspotGroup is added.
    Model hotspot is added.
audioSlideshow.xwd:
    Model audioSlideshow is added.
    Common nodes added.
    Model synchPoint is added.
bleedingImage.xwd:
    Model bleedingImage is added.
    Common nodes added.
bullets.xwd:
    Model bullets is added.
    Common nodes added.
buttonNav.xwd:
    Model buttonNav is added.
    Common nodes added.
    Model nestedPage is updated/replaced.
buttonQuestion.xwd:
    Model buttonQuestion is added.
    Common nodes added.
buttonSequence.xwd:
    Model buttonSequence is added.
    Common nodes added.
    Model button is added.
cMcq.xwd:
    Develop mode only: skipped!
cMcq_XOT.xwd:
    Model cMcq is added.
    Common nodes added.
    Model cOption is added.
cRedirector.xwd:
    Develop mode only: skipped!
cTabNav.xwd:
    Develop mode only: skipped!
captivate.xwd:
    Model captivate is added.
    Common nodes added.
categories.xwd:
    Model categories is added.
    Common nodes added.
    Model category is added.
    Model item is added.
chart.xwd:
    Model chart is added.
    Common nodes added.
    Model series is added.
columnPage.xwd:
    Model columnPage is added.
    Common nodes added.
    Model nestedPage is updated/replaced.
connectorHotspotImage.xwd:
    Develop mode only: skipped!
connectorHotspotImage_XOT.xwd:
    Model connectorHotspotImage is added.
    Common nodes added.
    Model cHotspot is added.
connectorMenu.xwd:
    Develop mode only: skipped!
connectorMenu_XOT.xwd:
    Model connectorMenu is added.
    Common nodes added.
    Model cMenuListedPage is added.
connectorPlainText.xwd:
    Develop mode only: skipped!
customHotspots.xwd:
    Model customHotspots is added.
    Common nodes added.
decision.xwd:
    Model decision is added.
    Common nodes added.
    Model mcqStep is added.
    Model mcqStepOption is added.
    Model sliderStep is added.
    Model sliderStepOption is added.
    Model infoStep is added.
    Model resultStep is added.
delicious.xwd:
    Model delicious is added.
    Common nodes added.
dialog.xwd:
    Model dialog is added.
    Common nodes added.
    Model dialogStep is added.
dictation.xwd:
    Model dictation is added.
    Common nodes added.
    Model nestedDictation is added.
dragDropLabel.xwd:
    Model dragDropLabel is added.
    Common nodes added.
    Model hotspot is updated/replaced.
embedDiv.xwd:
    Model embedDiv is added.
    Common nodes added.
flashPaper.xwd:
    Model flashPaper is added.
    Common nodes added.
flickr.xwd:
    Model flickr is added.
    Common nodes added.
gapFill.xwd:
    Model gapFill is added.
    Common nodes added.
geocommons.xwd:
    Model geocommons is added.
    Common nodes added.
grid.xwd:
    Model grid is added.
    Common nodes added.
hangman.xwd:
    Model hangman is added.
    Common nodes added.
hotspotImage.xwd:
    Model hotspotImage is added.
    Common nodes added.
    Model hotspot is updated/replaced.
iSpring.xwd:
    Model iSpring is added.
    Common nodes added.
imageViewer.xwd:
    Model imageViewer is added.
    Common nodes added.
indexChanger.xwd:
    Develop mode only: skipped!
interactiveText.xwd:
    Model interactiveText is added.
    Common nodes added.
    Model group is added.
inventory.xwd:
    Model inventory is added.
    Common nodes added.
    Model invQuestion is added.
    Model invOption is added.
jing.xwd:
    Model jing is added.
    Common nodes added.
jmol.xwd:
    Model jmol is added.
    Common nodes added.
    Model jmolOption is added.
links.xwd:
    Model links is added.
    Common nodes added.
    Model link is added.
list.xwd:
    Model list is added.
    Common nodes added.
    Model listItem is added.
map.xwd:
    Model map is added.
    Common nodes added.
mapstraction.xwd:
    Model mapstraction is added.
    Common nodes added.
    Model overlay is added.
mcq.xwd:
    Model mcq is added.
    Common nodes added.
    Model option is added.
mediaLesson.xwd:
    Model mediaLesson is added.
    Common nodes added.
    Model mediaPanel is added.
    Model panel is added.
    Model synchCue is added.
    Model synchEmpty is added.
    Model synchSubtitlePlus is added.
    Model synchSub is added.
    Model synchTextPlus is added.
    Model synchSlides is added.
    Model synchSlide is added.
    Model synchMediaPlus is added.
    Model synchMCQ is added.
    Model synchMCQOption is added.
    Model synchWebpage is added.
    Model synchXot is added.
    Model synchXotChange is added.
    Model synchGoogleFeed is added.
    Model synchGoogleMap is added.
    Model synchGoogleMapChange is added.
memory.xwd:
    Model memory is added.
    Common nodes added.
    Model matchItem is added.
modelAnswer.xwd:
    Model modelAnswer is added.
    Common nodes added.
modelAnswerResults.xwd:
    Model modelAnswerResults is added.
    Common nodes added.
modify.xwd:
    Model modify is added.
    Common nodes added.
morphImages.xwd:
    Model morphImages is added.
    Common nodes added.
newWindow.xwd:
    Model newWindow is added.
    Common nodes added.
orient.xwd:
    Model orient is added.
    Common nodes added.
pages.xwd:
    skipped!
pdf.xwd:
    Model pdf is added.
    Common nodes added.
perspectives.xwd:
    Model perspectives is added.
    Common nodes added.
    Model movie is added.
    Model sound is added.
    Model image is added.
quiz.xwd:
    Model quiz is added.
    Common nodes added.
    Model question is added.
    Model option is updated/replaced.
raptivity.xwd:
    Model raptivity is added.
    Common nodes added.
rss.xwd:
    Model rss is added.
    Common nodes added.
scenario.xwd:
    Develop mode only: skipped!
scenario_XOT.xwd:
    Model scenario is added.
    Common nodes added.
    Model gameSetup is added.
    Model propList is added.
    Model prop is added.
    Model scenarioActions is added.
    Model userAction is added.
    Model actionCondition is added.
    Model actionOutcome is added.
    Model outcomeCondition is added.
slideshow.xwd:
    Model slideshow is added.
    Common nodes added.
    Model nestedPage is updated/replaced.
summary.xwd:
    Model summary is added.
    Common nodes added.
tabNav.xwd:
    Model tabNav is added.
    Common nodes added.
    Model nestedPage is updated/replaced.
tabNavExtra.xwd:
    Model tabNavExtra is added.
    Common nodes added.
    Model topic is added.
    Model nestedTab is added.
    Model nestedPage is updated/replaced.
table.xwd:
    Model table is added.
    Common nodes added.
    Model tableData is added.
text.xwd:
    Model text is added.
    Common nodes added.
textDrawing.xwd:
    Model textDrawing is added.
    Common nodes added.
textGraphics.xwd:
    Model textGraphics is added.
    Common nodes added.
textMatch.xwd:
    Model textMatch is added.
    Common nodes added.
    Model sentence is added.
textSWF.xwd:
    Model textSWF is added.
    Common nodes added.
textVideo.xwd:
    Model textVideo is added.
    Common nodes added.
thumbnailViewer.xwd:
    Model thumbnailViewer is added.
    Common nodes added.
    Model thumbnailImage is added.
timeline.xwd:
    Model timeline is added.
    Common nodes added.
    Model timelinedate is added.
title.xwd:
    Model title is added.
    Common nodes added.
transcriptReader.xwd:
    Model transcriptReader is added.
    Common nodes added.
    Model nestedSynch is added.
videoSynch.xwd:
    Model videoSynch is added.
    Common nodes added.
    Model videoSynchPoint is added.
wiki.xwd:
    Model wiki is added.
    Common nodes added.
wordsearch.xwd:
    Model wordsearch is added.
    Common nodes added.
xerteModel.xwd:
    Model xerteModel is added.
    Common nodes added.
youtube.xwd:
    Model youtube is added.
    Common nodes added.
youtuberss.xwd:
    Model youtuberss is added.
    Common nodes added.
